[debug] [2022-02-07T14:45:43.963Z] ----------------------------------------------------------------------
[debug] [2022-02-07T14:45:43.964Z] Command:       C:\Program Files\nodejs\node.exe C:\Users\pVestt\AppData\Roaming\npm\node_modules\firebase-tools\lib\bin\firebase.js init hosting
[debug] [2022-02-07T14:45:43.965Z] CLI Version:   10.1.4
[debug] [2022-02-07T14:45:43.965Z] Platform:      win32
[debug] [2022-02-07T14:45:43.965Z] Node Version:  v14.17.5
[debug] [2022-02-07T14:45:43.965Z] Time:          Mon Feb 07 2022 16:45:43 GMT+0200 (Восточная Европа, стандартное время)
[debug] [2022-02-07T14:45:43.966Z] ----------------------------------------------------------------------
[debug] 
[debug] [2022-02-07T14:45:43.970Z] > command requires scopes: ["email","openid","https://www.googleapis.com/auth/cloudplatformprojects.readonly","https://www.googleapis.com/auth/firebase","https://www.googleapis.com/auth/cloud-platform"]
[debug] [2022-02-07T14:45:43.971Z] > authorizing via signed-in user (pashavestt2010@gmail.com)
[info] 
     ######## #### ########  ######## ########     ###     ######  ########
     ##        ##  ##     ## ##       ##     ##  ##   ##  ##       ##
     ######    ##  ########  ######   ########  #########  ######  ######
     ##        ##  ##    ##  ##       ##     ## ##     ##       ## ##
     ##       #### ##     ## ######## ########  ##     ##  ######  ########

You're about to initialize a Firebase project in this directory:

  D:\angular\Angular - 1\face-pr

[info] 
=== Project Setup
[info] 
[info] First, let's associate this project directory with a Firebase project.
[info] You can create multiple project aliases by running firebase use --add, 
[info] but for now we'll just set up a default project.
[info] 
[debug] [2022-02-07T14:45:49.899Z] >>> [apiv2][query] GET https://firebase.googleapis.com/v1beta1/projects pageSize=100
[debug] [2022-02-07T14:45:50.481Z] <<< [apiv2][status] GET https://firebase.googleapis.com/v1beta1/projects 200
[debug] [2022-02-07T14:45:50.481Z] <<< [apiv2][body] GET https://firebase.googleapis.com/v1beta1/projects [omitted]
[info] i  Using project pr-2-844eb (PR-2) 
[info] 
=== Hosting Setup
[info] 
[info] Your public directory is the folder (relative to your project directory) that
[info] will contain Hosting assets to be uploaded with firebase deploy. If you
[info] have a build process for your assets, use your build's output directory.
[info] 
[debug] [2022-02-07T14:46:23.199Z] >>> [apiv2][query] GET https://www.gstatic.com/firebasejs/releases.json [none]
[debug] [2022-02-07T14:46:23.290Z] <<< [apiv2][status] GET https://www.gstatic.com/firebasejs/releases.json 200
[debug] [2022-02-07T14:46:23.290Z] <<< [apiv2][body] GET https://www.gstatic.com/firebasejs/releases.json {"current":{"version":"9.6.6","browserURL":"https://www.gstatic.com/firebasejs/9.6.6/firebase.js","packageURL":"https://www.gstatic.com/firebasejs/9.6.6/firebase.tgz"},"live":{"version":"9.6","browserURL":"https://www.gstatic.com/firebasejs/live/9.6/firebase.js","packageURL":"https://www.gstatic.com/firebasejs/live/9.6/firebase.tgz"},"components":{"analytics":"https://www.gstatic.com/firebasejs/9.6.6/firebase-analytics.js","app":"https://www.gstatic.com/firebasejs/9.6.6/firebase-app.js","app-check":"https://www.gstatic.com/firebasejs/9.6.6/firebase-app-check.js","auth":"https://www.gstatic.com/firebasejs/9.6.6/firebase-auth.js","auth/cordova":"https://www.gstatic.com/firebasejs/9.6.6/firebase-auth/cordova.js","auth/react-native":"https://www.gstatic.com/firebasejs/9.6.6/firebase-auth/react-native.js","functions":"https://www.gstatic.com/firebasejs/9.6.6/firebase-functions.js","firestore":"https://www.gstatic.com/firebasejs/9.6.6/firebase-firestore.js","firestore/lite":"https://www.gstatic.com/firebasejs/9.6.6/firebase-firestore/lite.js","storage":"https://www.gstatic.com/firebasejs/9.6.6/firebase-storage.js","performance":"https://www.gstatic.com/firebasejs/9.6.6/firebase-performance.js","remote-config":"https://www.gstatic.com/firebasejs/9.6.6/firebase-remote-config.js","messaging":"https://www.gstatic.com/firebasejs/9.6.6/firebase-messaging.js","messaging/sw":"https://www.gstatic.com/firebasejs/9.6.6/firebase-messaging/sw.js","database":"https://www.gstatic.com/firebasejs/9.6.6/firebase-database.js","firestore.memory":"https://www.gstatic.com/firebasejs/9.6.6/firebase-firestore.memory.js"}}
[info] +  Wrote public/index.html 
[info] 
[info] i  Didn't detect a .git folder. Assuming D:\angular\Angular - 1\face-pr is the project root. 
[info] i  Authorizing with GitHub to upload your service account to a GitHub repository's secrets store. 
[info] 
[info] Visit this URL on this device to log in:
[info] https://github.com/login/oauth/authorize?client_id=89cf50f02ac6aaed3484&state=521776057&redirect_uri=http%3A%2F%2Flocalhost%3A9005&scope=read%3Auser%20repo%20public_repo
[info] 
[info] Waiting for authentication...
[debug] [2022-02-07T14:47:42.259Z] >>> HTTP REQUEST POST https://github.com/login/oauth/access_token  
 {"client_id":"89cf50f02ac6aaed3484","client_secret":"3330d14abc895d9a74d5f17cd7a00711fa2c5bf0","code":"17254bd1841b37333bf4","redirect_uri":"http://localhost:9005","state":"521776057"}
[debug] [2022-02-07T14:47:42.657Z] <<< HTTP RESPONSE 200 {"server":"GitHub.com","date":"Mon, 07 Feb 2022 14:47:41 GMT","content-type":"application/json; charset=utf-8","transfer-encoding":"chunked","vary":"X-PJAX, X-PJAX-Container, Accept-Encoding, Accept, X-Requested-With","permissions-policy":"interest-cohort=()","etag":"W/\"288f358009ab99f577d13a742593acfd\"","cache-control":"max-age=0, private, must-revalidate","strict-transport-security":"max-age=31536000; includeSubdomains; preload","x-frame-options":"deny","x-content-type-options":"nosniff","x-xss-protection":"0","referrer-policy":"origin-when-cross-origin, strict-origin-when-cross-origin","expect-ct":"max-age=2592000, report-uri=\"https://api.github.com/_private/browser/errors\"","content-security-policy":"default-src 'none'; base-uri 'self'; block-all-mixed-content; child-src github.com/assets-cdn/worker/ gist.github.com/assets-cdn/worker/; connect-src 'self' uploads.github.com objects-origin.githubusercontent.com www.githubstatus.com collector.githubapp.com collector.github.com api.github.com github-cloud.s3.amazonaws.com github-production-repository-file-5c1aeb.s3.amazonaws.com github-production-upload-manifest-file-7fdce7.s3.amazonaws.com github-production-user-asset-6210df.s3.amazonaws.com cdn.optimizely.com logx.optimizely.com/v1/events translator.github.com wss://alive.github.com; font-src github.githubassets.com; form-action 'self' github.com gist.github.com objects-origin.githubusercontent.com; frame-ancestors 'none'; frame-src render.githubusercontent.com viewscreen.githubusercontent.com notebooks.githubusercontent.com; img-src 'self' data: github.githubassets.com identicons.github.com collector.githubapp.com collector.github.com github-cloud.s3.amazonaws.com secured-user-images.githubusercontent.com/ *.githubusercontent.com; manifest-src 'self'; media-src github.com user-images.githubusercontent.com/; script-src github.githubassets.com; style-src 'unsafe-inline' github.githubassets.com; worker-src github.com/assets-cdn/worker/ gist.github.com/assets-cdn/worker/","x-github-request-id":"EB2C:2070:AE5D1:B75FF:6201310D"}
[debug] [2022-02-07T14:47:42.659Z] >>> [apiv2][query] GET https://api.github.com/user [none]
[debug] [2022-02-07T14:47:43.141Z] <<< [apiv2][status] GET https://api.github.com/user 200
[debug] [2022-02-07T14:47:43.141Z] <<< [apiv2][body] GET https://api.github.com/user {"login":"pVestt1","id":84230555,"node_id":"MDQ6VXNlcjg0MjMwNTU1","avatar_url":"https://avatars.githubusercontent.com/u/84230555?v=4","gravatar_id":"","url":"https://api.github.com/users/pVestt1","html_url":"https://github.com/pVestt1","followers_url":"https://api.github.com/users/pVestt1/followers","following_url":"https://api.github.com/users/pVestt1/following{/other_user}","gists_url":"https://api.github.com/users/pVestt1/gists{/gist_id}","starred_url":"https://api.github.com/users/pVestt1/starred{/owner}{/repo}","subscriptions_url":"https://api.github.com/users/pVestt1/subscriptions","organizations_url":"https://api.github.com/users/pVestt1/orgs","repos_url":"https://api.github.com/users/pVestt1/repos","events_url":"https://api.github.com/users/pVestt1/events{/privacy}","received_events_url":"https://api.github.com/users/pVestt1/received_events","type":"User","site_admin":false,"name":null,"company":null,"blog":"","location":null,"email":null,"hireable":null,"bio":null,"twitter_username":null,"public_repos":1,"public_gists":0,"followers":0,"following":0,"created_at":"2021-05-15T11:25:04Z","updated_at":"2021-12-01T15:47:35Z","private_gists":0,"total_private_repos":0,"owned_private_repos":0,"disk_usage":7682,"collaborators":0,"two_factor_authentication":false,"plan":{"name":"free","space":976562499,"collaborators":0,"private_repos":10000}}
[info] 
[info] +  Success! Logged into GitHub as pVestt1 
[info] 
[debug] [2022-02-07T14:48:26.655Z] >>> [apiv2][query] GET https://api.github.com/repos/y/actions/secrets/public-key type=owner
[debug] [2022-02-07T14:48:26.898Z] <<< [apiv2][status] GET https://api.github.com/repos/y/actions/secrets/public-key 404
[debug] [2022-02-07T14:48:26.898Z] <<< [apiv2][body] GET https://api.github.com/repos/y/actions/secrets/public-key {"message":"Not Found","documentation_url":"https://docs.github.com/rest"}
[debug] [2022-02-07T14:49:11.102Z] >>> [apiv2][query] GET https://api.github.com/repos/user/face-pr/actions/secrets/public-key type=owner
[debug] [2022-02-07T14:49:11.436Z] <<< [apiv2][status] GET https://api.github.com/repos/user/face-pr/actions/secrets/public-key 404
[debug] [2022-02-07T14:49:11.436Z] <<< [apiv2][body] GET https://api.github.com/repos/user/face-pr/actions/secrets/public-key {"message":"Not Found","documentation_url":"https://docs.github.com/rest/reference/actions#get-a-repository-public-key"}
[debug] [2022-02-07T14:49:20.567Z] >>> [apiv2][query] GET https://api.github.com/repos/ng serve/actions/secrets/public-key type=owner
[debug] [2022-02-07T14:49:20.811Z] <<< [apiv2][status] GET https://api.github.com/repos/ng serve/actions/secrets/public-key 404
[debug] [2022-02-07T14:49:20.812Z] <<< [apiv2][body] GET https://api.github.com/repos/ng serve/actions/secrets/public-key {"message":"Not Found","documentation_url":"https://docs.github.com/rest"}
[debug] [2022-02-07T14:51:54.733Z] >>> [apiv2][query] GET https://api.github.com/repos/ng servegit init/actions/secrets/public-key type=owner
[debug] [2022-02-07T14:51:55.014Z] <<< [apiv2][status] GET https://api.github.com/repos/ng servegit init/actions/secrets/public-key 404
[debug] [2022-02-07T14:51:55.014Z] <<< [apiv2][body] GET https://api.github.com/repos/ng servegit init/actions/secrets/public-key {"message":"Not Found","documentation_url":"https://docs.github.com/rest"}
[debug] [2022-02-07T14:54:25.126Z] >>> [apiv2][query] GET https://api.github.com/repos/face-pr/face-pr/actions/secrets/public-key type=owner
[debug] [2022-02-07T14:54:25.369Z] <<< [apiv2][status] GET https://api.github.com/repos/face-pr/face-pr/actions/secrets/public-key 404
[debug] [2022-02-07T14:54:25.369Z] <<< [apiv2][body] GET https://api.github.com/repos/face-pr/face-pr/actions/secrets/public-key {"message":"Not Found","documentation_url":"https://docs.github.com/rest/reference/actions#get-a-repository-public-key"}
[debug] [2022-02-07T14:54:45.285Z] >>> [apiv2][query] GET https://api.github.com/repos/angular-1/face-pr/actions/secrets/public-key type=owner
[debug] [2022-02-07T14:54:45.582Z] <<< [apiv2][status] GET https://api.github.com/repos/angular-1/face-pr/actions/secrets/public-key 404
[debug] [2022-02-07T14:54:45.582Z] <<< [apiv2][body] GET https://api.github.com/repos/angular-1/face-pr/actions/secrets/public-key {"message":"Not Found","documentation_url":"https://docs.github.com/rest/reference/actions#get-a-repository-public-key"}
[debug] [2022-02-07T14:55:34.237Z] >>> [apiv2][query] GET https://api.github.com/repos/git init/actions/secrets/public-key type=owner
[debug] [2022-02-07T14:55:34.481Z] <<< [apiv2][status] GET https://api.github.com/repos/git init/actions/secrets/public-key 404
[debug] [2022-02-07T14:55:34.481Z] <<< [apiv2][body] GET https://api.github.com/repos/git init/actions/secrets/public-key {"message":"Not Found","documentation_url":"https://docs.github.com/rest"}
[debug] [2022-02-07T14:55:41.617Z] Error: kill ENOSYS
    at process.kill (internal/process/per_thread.js:200:13)
    at process.listener (C:\Users\pVestt\AppData\Roaming\npm\node_modules\firebase-tools\node_modules\signal-exit\index.js:95:15)
    at process.emit (events.js:400:28)
[error] 
[error] Error: An unexpected error has occurred.
